{"links": {"self": {"href": "data/repositories/osrf/release-tools/issues/20/comments/10013159.json"}, "html": {"href": "#!/osrf/release-tools/issues/20#comment-10013159"}}, "issue": {"links": {"self": {"href": "data/repositories/osrf/release-tools/issues/20.json"}}, "type": "issue", "id": 20, "repository": {"links": {"self": {"href": "data/repositories/osrf/release-tools.json"}, "html": {"href": "#!/osrf/release-tools"}, "avatar": {"href": "data/bytebucket.org/ravatar/{41811d3d-19d0-428e-a134-976595e72508}ts=python"}}, "type": "repository", "name": "release-tools", "full_name": "osrf/release-tools", "uuid": "{41811d3d-19d0-428e-a134-976595e72508}"}, "title": "Jenkins misses some testing seg-faults"}, "content": {"raw": "We have another test that seg-faults after writing the junit file, and I didn't notice it in the test results. INTEGRATION_concave_mesh started seg-faulting after\n[gazebo pull request 1066](https://bitbucket.org/osrf/gazebo/pull-request/1066/share-vertices-when-loading-a-collada-mesh/diff). Note that it is [not listed in the list of failing tests](http://build.osrfoundation.org/job/gazebo-default-devel-precise-amd64-gpu-nvidia/717/testReport/), but it is shown as seg-faulting in the\n[console output](http://build.osrfoundation.org/job/gazebo-default-devel-precise-amd64-gpu-nvidia/717/consoleFull):\n~~~\n145: [----------] 9 tests from PhysicsEngines/ConcaveMeshTest (36369 ms total)\n145: \n145: [----------] Global test environment tear-down\n145: [==========] 9 tests from 1 test case ran. (36369 ms total)\n145: [  PASSED  ] 9 tests.\n145: \u001b[0m\n  5/108 Test #145: INTEGRATION_concave_mesh .....................***Exception: SegFault 58.20 sec\ntest 146\n        Start 146: check_INTEGRATION_concave_mesh\n\n146: Test command: /var/lib/jenkins/workspace/gazebo-default-devel-precise-amd64-gpu-nvidia/gazebo/tools/check_test_ran.py \"/var/lib/jenkins/workspace/gazebo-default-devel-precise-amd64-gpu-nvidia/build/test_results/INTEGRATION_concave_mesh.xml\"\n146: Test timeout computed to be: 9.99988e+06\n146: Checking for test results in /var/lib/jenkins/workspace/gazebo-default-devel-precise-amd64-gpu-nvidia/build/test_results/INTEGRATION_concave_mesh.xml\n  6/108 Test #146: check_INTEGRATION_concave_mesh ...............   Passed    0.02 sec\n\n~~~", "markup": "markdown", "html": "<p>We have another test that seg-faults after writing the junit file, and I didn't notice it in the test results. INTEGRATION_concave_mesh started seg-faulting after\n<a data-is-external-link=\"true\" href=\"https://bitbucket.org/osrf/gazebo/pull-request/1066/share-vertices-when-loading-a-collada-mesh/diff\" rel=\"nofollow\">gazebo pull request 1066</a>. Note that it is <a data-is-external-link=\"true\" href=\"http://build.osrfoundation.org/job/gazebo-default-devel-precise-amd64-gpu-nvidia/717/testReport/\" rel=\"nofollow\">not listed in the list of failing tests</a>, but it is shown as seg-faulting in the\n<a data-is-external-link=\"true\" href=\"http://build.osrfoundation.org/job/gazebo-default-devel-precise-amd64-gpu-nvidia/717/consoleFull\" rel=\"nofollow\">console output</a>:</p>\n<div class=\"codehilite\"><pre><span></span>145: [----------] 9 tests from PhysicsEngines/ConcaveMeshTest (36369 ms total)\n145: \n145: [----------] Global test environment tear-down\n145: [==========] 9 tests from 1 test case ran. (36369 ms total)\n145: [  PASSED  ] 9 tests.\n145: \u001b[0m\n  5/108 Test #145: INTEGRATION_concave_mesh .....................***Exception: SegFault 58.20 sec\ntest 146\n        Start 146: check_INTEGRATION_concave_mesh\n\n146: Test command: /var/lib/jenkins/workspace/gazebo-default-devel-precise-amd64-gpu-nvidia/gazebo/tools/check_test_ran.py &quot;/var/lib/jenkins/workspace/gazebo-default-devel-precise-amd64-gpu-nvidia/build/test_results/INTEGRATION_concave_mesh.xml&quot;\n146: Test timeout computed to be: 9.99988e+06\n146: Checking for test results in /var/lib/jenkins/workspace/gazebo-default-devel-precise-amd64-gpu-nvidia/build/test_results/INTEGRATION_concave_mesh.xml\n  6/108 Test #146: check_INTEGRATION_concave_mesh ...............   Passed    0.02 sec\n</pre></div>", "type": "rendered"}, "created_on": "2014-05-07T00:06:55.208092+00:00", "user": {"display_name": "Steve Peters", "uuid": "{2ccfed09-18b8-4921-8d58-15ef01092802}", "links": {"self": {"href": "https://api.bitbucket.org/2.0/users/%7B2ccfed09-18b8-4921-8d58-15ef01092802%7D"}, "html": {"href": "https://bitbucket.org/%7B2ccfed09-18b8-4921-8d58-15ef01092802%7D/"}, "avatar": {"href": "data/secure.gravatar.com/avatar/1fb4816dad9e68337d3096f750951f6cd=httpsavatar-management--avatars.us-west-2.prod.public.atl-paas.netinitialsSP-1.png"}}, "nickname": "Steven Peters", "type": "user", "account_id": "557058:5de38267-b118-494c-aa76-4fab35448816"}, "updated_on": null, "type": "issue_comment", "id": 10013159}