{"priority": "minor", "kind": "bug", "repository": {"links": {"self": {"href": "data/repositories/osrf/release-tools.json"}, "html": {"href": "#!/osrf/release-tools"}, "avatar": {"href": "data/bytebucket.org/ravatar/{41811d3d-19d0-428e-a134-976595e72508}ts=python"}}, "type": "repository", "name": "release-tools", "full_name": "osrf/release-tools", "uuid": "{41811d3d-19d0-428e-a134-976595e72508}"}, "links": {"attachments": {"href": "data/repositories/osrf/release-tools/issues/125/attachments_page=1.json"}, "self": {"href": "data/repositories/osrf/release-tools/issues/125.json"}, "watch": {"href": "https://api.bitbucket.org/2.0/repositories/osrf/release-tools/issues/125/watch"}, "comments": {"href": "data/repositories/osrf/release-tools/issues/125/comments_page=1.json"}, "html": {"href": "#!/osrf/release-tools/issues/125/build-cop-gazebo-coverage-configuration"}, "vote": {"href": "https://api.bitbucket.org/2.0/repositories/osrf/release-tools/issues/125/vote"}}, "reporter": {"display_name": "Louise Poubel", "uuid": "{5cfa2075-477b-4ded-bdb9-8d2479544ec4}", "links": {"self": {"href": "https://api.bitbucket.org/2.0/users/%7B5cfa2075-477b-4ded-bdb9-8d2479544ec4%7D"}, "html": {"href": "https://bitbucket.org/%7B5cfa2075-477b-4ded-bdb9-8d2479544ec4%7D/"}, "avatar": {"href": "https://avatar-management--avatars.us-west-2.prod.public.atl-paas.net/557058:6ff86fcb-b7ab-44a5-b8a6-f6d9cae8b6e8/7d903d90-c5ea-4182-b7ef-0d467e9e1c74/128"}}, "nickname": "chapulina", "type": "user", "account_id": "557058:6ff86fcb-b7ab-44a5-b8a6-f6d9cae8b6e8"}, "title": "[Build cop] Gazebo coverage configuration error", "component": null, "votes": 0, "watches": 1, "content": {"raw": "[This new job](https://build.osrfoundation.org/view/main/view/BuildCopFail/job/gazebo-ci-coverage-xenial-amd64-gpu-nvidia/1/console) failed at configure time:\r\n\r\n~~~\r\ncat: /var/lib/jenkins/bullseye-jenkins-license: No such file or directory\r\nBuild step 'Execute shell' marked build as failure\r\nRecording test results\r\nERROR: Step ?Publish JUnit test result report? failed: No test report files were found. Configuration error?\r\nSkipping publisher since build result is FAILURE\r\n~~~", "markup": "markdown", "html": "<p><a data-is-external-link=\"true\" href=\"https://build.osrfoundation.org/view/main/view/BuildCopFail/job/gazebo-ci-coverage-xenial-amd64-gpu-nvidia/1/console\" rel=\"nofollow\">This new job</a> failed at configure time:</p>\n<div class=\"codehilite\"><pre><span></span>cat: /var/lib/jenkins/bullseye-jenkins-license: No such file or directory\nBuild step &#39;Execute shell&#39; marked build as failure\nRecording test results\nERROR: Step ?Publish JUnit test result report? failed: No test report files were found. Configuration error?\nSkipping publisher since build result is FAILURE\n</pre></div>", "type": "rendered"}, "assignee": null, "state": "new", "version": null, "edited_on": null, "created_on": "2018-01-17T01:19:22.286211+00:00", "milestone": null, "updated_on": "2018-01-17T01:19:22.286211+00:00", "type": "issue", "id": 125}