{"priority": "major", "kind": "bug", "repository": {"links": {"self": {"href": "data/repositories/osrf/release-tools.json"}, "html": {"href": "#!/osrf/release-tools"}, "avatar": {"href": "data/bytebucket.org/ravatar/{41811d3d-19d0-428e-a134-976595e72508}ts=python"}}, "type": "repository", "name": "release-tools", "full_name": "osrf/release-tools", "uuid": "{41811d3d-19d0-428e-a134-976595e72508}"}, "links": {"attachments": {"href": "data/repositories/osrf/release-tools/issues/20/attachments_page=1.json"}, "self": {"href": "data/repositories/osrf/release-tools/issues/20.json"}, "watch": {"href": "https://api.bitbucket.org/2.0/repositories/osrf/release-tools/issues/20/watch"}, "comments": {"href": "data/repositories/osrf/release-tools/issues/20/comments_page=1.json"}, "html": {"href": "#!/osrf/release-tools/issues/20/jenkins-misses-some-testing-seg-faults"}, "vote": {"href": "https://api.bitbucket.org/2.0/repositories/osrf/release-tools/issues/20/vote"}}, "reporter": {"display_name": "Steve Peters", "uuid": "{2ccfed09-18b8-4921-8d58-15ef01092802}", "links": {"self": {"href": "https://api.bitbucket.org/2.0/users/%7B2ccfed09-18b8-4921-8d58-15ef01092802%7D"}, "html": {"href": "https://bitbucket.org/%7B2ccfed09-18b8-4921-8d58-15ef01092802%7D/"}, "avatar": {"href": "data/secure.gravatar.com/avatar/1fb4816dad9e68337d3096f750951f6cd=httpsavatar-management--avatars.us-west-2.prod.public.atl-paas.netinitialsSP-1.png"}}, "nickname": "Steven Peters", "type": "user", "account_id": "557058:5de38267-b118-494c-aa76-4fab35448816"}, "title": "Jenkins misses some testing seg-faults", "component": null, "votes": 0, "watches": 2, "content": {"raw": "We recently merged a gazebo pull request that caused seg-faults in certain tests during teardown, but the Jenkins gui didn't report them. Perhaps they occurred after the junit file had been written?\r\n\r\n[Jenkins test summary: all tests pass](http://build.osrfoundation.org/job/gazebo-default-devel-quantal-amd64-gpu-nvidia/408/testReport)\r\n\r\n[Console output: lots of tests failing](http://build.osrfoundation.org/job/gazebo-default-devel-quantal-amd64-gpu-nvidia/408/consoleFull)\r\n\r\n~~~\r\n115: [       OK ] SensorManager_TEST.InitRemove (34517 ms)\r\n115: [----------] 3 tests from SensorManager_TEST (58303 ms total)\r\n115:\r\n115: [----------] Global test environment tear-down\r\n115: [==========] 3 tests from 1 test case ran. (58303 ms total)\r\n115: [  PASSED  ] 3 tests.\r\n115/124 Test #115: UNIT_SensorManager_TEST ................***Exception: SegFault136.29 sec\r\ntest 116\r\n        Start 116: check_UNIT_SensorManager_TEST\r\n\r\n116: Test command: /var/lib/jenkins/workspace/gazebo-default-devel-quantal-amd64-gpu-nvidia/gazebo/tools/check_test_ran.py \"/var/lib/jenkins/workspace/gazebo-default-devel-quantal-amd64-gpu-nvidia/build/test_results/UNIT_SensorManager_TEST.xml\"\r\n116: Test timeout computed to be: 9.99988e+06\r\n116: Checking for test results in /var/lib/jenkins/workspace/gazebo-default-devel-quantal-amd64-gpu-nvidia/build/test_results/UNIT_SensorManager_TEST.xml\r\n116/124 Test #116: check_UNIT_SensorManager_TEST ..........   Passed    0.01 sec\r\n~~~\r\n\r\n~~~\r\nThe following tests FAILED:\r\n     63 - UNIT_GpuLaser_TEST (SEGFAULT)\r\n     65 - UNIT_Heightmap_TEST (SEGFAULT)\r\n     67 - UNIT_DataLogger_TEST (SEGFAULT)\r\n     69 - UNIT_TimePanel_TEST (SEGFAULT)\r\n     71 - UNIT_ImagesView_TEST (SEGFAULT)\r\n     77 - UNIT_Inertial_TEST (SEGFAULT)\r\n     79 - UNIT_Joint_TEST (Timeout)\r\n     81 - UNIT_PhysicsEngine_TEST (SEGFAULT)\r\n     85 - UNIT_ODEPhysics_TEST (SEGFAULT)\r\n...\r\n~~~", "markup": "markdown", "html": "<p>We recently merged a gazebo pull request that caused seg-faults in certain tests during teardown, but the Jenkins gui didn't report them. Perhaps they occurred after the junit file had been written?</p>\n<p><a data-is-external-link=\"true\" href=\"http://build.osrfoundation.org/job/gazebo-default-devel-quantal-amd64-gpu-nvidia/408/testReport\" rel=\"nofollow\">Jenkins test summary: all tests pass</a></p>\n<p><a data-is-external-link=\"true\" href=\"http://build.osrfoundation.org/job/gazebo-default-devel-quantal-amd64-gpu-nvidia/408/consoleFull\" rel=\"nofollow\">Console output: lots of tests failing</a></p>\n<div class=\"codehilite\"><pre><span></span>115: [       OK ] SensorManager_TEST.InitRemove (34517 ms)\n115: [----------] 3 tests from SensorManager_TEST (58303 ms total)\n115:\n115: [----------] Global test environment tear-down\n115: [==========] 3 tests from 1 test case ran. (58303 ms total)\n115: [  PASSED  ] 3 tests.\n115/124 Test #115: UNIT_SensorManager_TEST ................***Exception: SegFault136.29 sec\ntest 116\n        Start 116: check_UNIT_SensorManager_TEST\n\n116: Test command: /var/lib/jenkins/workspace/gazebo-default-devel-quantal-amd64-gpu-nvidia/gazebo/tools/check_test_ran.py &quot;/var/lib/jenkins/workspace/gazebo-default-devel-quantal-amd64-gpu-nvidia/build/test_results/UNIT_SensorManager_TEST.xml&quot;\n116: Test timeout computed to be: 9.99988e+06\n116: Checking for test results in /var/lib/jenkins/workspace/gazebo-default-devel-quantal-amd64-gpu-nvidia/build/test_results/UNIT_SensorManager_TEST.xml\n116/124 Test #116: check_UNIT_SensorManager_TEST ..........   Passed    0.01 sec\n</pre></div>\n\n\n<div class=\"codehilite\"><pre><span></span>The following tests FAILED:\n     63 - UNIT_GpuLaser_TEST (SEGFAULT)\n     65 - UNIT_Heightmap_TEST (SEGFAULT)\n     67 - UNIT_DataLogger_TEST (SEGFAULT)\n     69 - UNIT_TimePanel_TEST (SEGFAULT)\n     71 - UNIT_ImagesView_TEST (SEGFAULT)\n     77 - UNIT_Inertial_TEST (SEGFAULT)\n     79 - UNIT_Joint_TEST (Timeout)\n     81 - UNIT_PhysicsEngine_TEST (SEGFAULT)\n     85 - UNIT_ODEPhysics_TEST (SEGFAULT)\n...\n</pre></div>", "type": "rendered"}, "assignee": null, "state": "new", "version": null, "edited_on": null, "created_on": "2013-12-12T21:03:47.974956+00:00", "milestone": null, "updated_on": "2014-05-07T00:06:55.214484+00:00", "type": "issue", "id": 20}